# JRE version: Java(TM) SE Runtime Environment (8.0_60-b27) (build 1.8.0_60-b27)
# Java VM: Java HotSpot(TM) 64-Bit Server VM (25.60-b23 mixed mode bsd-amd64 compressed oops)
Heap:
 PSYoungGen      total 27136K, used 18206K [0x0000000795580000, 0x0000000797980000, 0x00000007c0000000)
  eden space 17408K, 72% used [0x0000000795580000,0x00000007961bf760,0x0000000796680000)
  from space 9728K, 58% used [0x0000000797000000,0x0000000797588150,0x0000000797980000)
  to   space 9728K, 0% used [0x0000000796680000,0x0000000796680000,0x0000000797000000)
 ParOldGen       total 61440K, used 58908K [0x0000000740000000, 0x0000000743c00000, 0x0000000795580000)
  object space 61440K, 95% used [0x0000000740000000,0x0000000743987210,0x0000000743c00000)
 Metaspace       used 21901K, capacity 22105K, committed 22448K, reserved 1069056K
  class space    used 2101K, capacity 2179K, committed 2304K, reserved 1048576K
GC Heap History (10 events):
Event: 235.641 GC heap before
{Heap before GC invocations=109 (full 1):
 PSYoungGen      total 26112K, used 23744K [0x0000000795580000, 0x0000000797800000, 0x00000007c0000000)
  eden space 17920K, 100% used [0x0000000795580000,0x0000000796700000,0x0000000796700000)
  from space 8192K, 71% used [0x0000000796700000,0x0000000796cb0170,0x0000000796f00000)
  to   space 8704K, 0% used [0x0000000796f80000,0x0000000796f80000,0x0000000797800000)
 ParOldGen       total 61440K, used 58868K [0x0000000740000000, 0x0000000743c00000, 0x0000000795580000)
  object space 61440K, 95% used [0x0000000740000000,0x000000074397d210,0x0000000743c00000)
 Metaspace       used 21866K, capacity 22105K, committed 22448K, reserved 1069056K
  class space    used 2093K, capacity 2179K, committed 2304K, reserved 1048576K
Event: 235.643 GC heap after
Heap after GC invocations=109 (full 1):
 PSYoungGen      total 26112K, used 5824K [0x0000000795580000, 0x0000000797900000, 0x00000007c0000000)
  eden space 17408K, 0% used [0x0000000795580000,0x0000000795580000,0x0000000796680000)
  from space 8704K, 66% used [0x0000000796f80000,0x0000000797530170,0x0000000797800000)
  to   space 9216K, 0% used [0x0000000796680000,0x0000000796680000,0x0000000796f80000)
 ParOldGen       total 61440K, used 58876K [0x0000000740000000, 0x0000000743c00000, 0x0000000795580000)
  object space 61440K, 95% used [0x0000000740000000,0x000000074397f210,0x0000000743c00000)
 Metaspace       used 21866K, capacity 22105K, committed 22448K, reserved 1069056K
  class space    used 2093K, capacity 2179K, committed 2304K, reserved 1048576K
}
Event: 237.981 GC heap before
{Heap before GC invocations=110 (full 1):
 PSYoungGen      total 26112K, used 23232K [0x0000000795580000, 0x0000000797900000, 0x00000007c0000000)
  eden space 17408K, 100% used [0x0000000795580000,0x0000000796680000,0x0000000796680000)
  from space 8704K, 66% used [0x0000000796f80000,0x0000000797530170,0x0000000797800000)
  to   space 9216K, 0% used [0x0000000796680000,0x0000000796680000,0x0000000796f80000)
 ParOldGen       total 61440K, used 58876K [0x0000000740000000, 0x0000000743c00000, 0x0000000795580000)
  object space 61440K, 95% used [0x0000000740000000,0x000000074397f210,0x0000000743c00000)
 Metaspace       used 21866K, capacity 22105K, committed 22448K, reserved 1069056K
  class space    used 2093K, capacity 2179K, committed 2304K, reserved 1048576K
Event: 237.984 GC heap after
Heap after GC invocations=110 (full 1):
 PSYoungGen      total 26624K, used 5824K [0x0000000795580000, 0x0000000797980000, 0x00000007c0000000)
  eden space 17408K, 0% used [0x0000000795580000,0x0000000795580000,0x0000000796680000)
  from space 9216K, 63% used [0x0000000796680000,0x0000000796c30170,0x0000000796f80000)
  to   space 9728K, 0% used [0x0000000797000000,0x0000000797000000,0x0000000797980000)
 ParOldGen       total 61440K, used 58884K [0x0000000740000000, 0x0000000743c00000, 0x0000000795580000)
  object space 61440K, 95% used [0x0000000740000000,0x0000000743981210,0x0000000743c00000)
 Metaspace       used 21866K, capacity 22105K, committed 22448K, reserved 1069056K
  class space    used 2093K, capacity 2179K, committed 2304K, reserved 1048576K
}
Event: 240.434 GC heap before
{Heap before GC invocations=111 (full 1):
 PSYoungGen      total 26624K, used 23232K [0x0000000795580000, 0x0000000797980000, 0x00000007c0000000)
  eden space 17408K, 100% used [0x0000000795580000,0x0000000796680000,0x0000000796680000)
  from space 9216K, 63% used [0x0000000796680000,0x0000000796c30170,0x0000000796f80000)
  to   space 9728K, 0% used [0x0000000797000000,0x0000000797000000,0x0000000797980000)
 ParOldGen       total 61440K, used 58884K [0x0000000740000000, 0x0000000743c00000, 0x0000000795580000)
  object space 61440K, 95% used [0x0000000740000000,0x0000000743981210,0x0000000743c00000)
 Metaspace       used 21866K, capacity 22105K, committed 22448K, reserved 1069056K
  class space    used 2093K, capacity 2179K, committed 2304K, reserved 1048576K
Event: 240.437 GC heap after
Heap after GC invocations=111 (full 1):
 PSYoungGen      total 27136K, used 5760K [0x0000000795580000, 0x0000000797980000, 0x00000007c0000000)
  eden space 17408K, 0% used [0x0000000795580000,0x0000000795580000,0x0000000796680000)
  from space 9728K, 59% used [0x0000000797000000,0x00000007975a0170,0x0000000797980000)
  to   space 9728K, 0% used [0x0000000796680000,0x0000000796680000,0x0000000797000000)
 ParOldGen       total 61440K, used 58892K [0x0000000740000000, 0x0000000743c00000, 0x0000000795580000)
  object space 61440K, 95% used [0x0000000740000000,0x0000000743983210,0x0000000743c00000)
 Metaspace       used 21866K, capacity 22105K, committed 22448K, reserved 1069056K
  class space    used 2093K, capacity 2179K, committed 2304K, reserved 1048576K
}
Event: 242.771 GC heap before
{Heap before GC invocations=112 (full 1):
 PSYoungGen      total 27136K, used 23168K [0x0000000795580000, 0x0000000797980000, 0x00000007c0000000)
  eden space 17408K, 100% used [0x0000000795580000,0x0000000796680000,0x0000000796680000)
  from space 9728K, 59% used [0x0000000797000000,0x00000007975a0170,0x0000000797980000)
  to   space 9728K, 0% used [0x0000000796680000,0x0000000796680000,0x0000000797000000)
 ParOldGen       total 61440K, used 58892K [0x0000000740000000, 0x0000000743c00000, 0x0000000795580000)
  object space 61440K, 95% used [0x0000000740000000,0x0000000743983210,0x0000000743c00000)
 Metaspace       used 21866K, capacity 22105K, committed 22448K, reserved 1069056K
  class space    used 2093K, capacity 2179K, committed 2304K, reserved 1048576K
Event: 242.774 GC heap after
Heap after GC invocations=112 (full 1):
 PSYoungGen      total 27136K, used 5728K [0x0000000795580000, 0x0000000797980000, 0x00000007c0000000)
  eden space 17408K, 0% used [0x0000000795580000,0x0000000795580000,0x0000000796680000)
  from space 9728K, 58% used [0x0000000796680000,0x0000000796c18150,0x0000000797000000)
  to   space 9728K, 0% used [0x0000000797000000,0x0000000797000000,0x0000000797980000)
 ParOldGen       total 61440K, used 58900K [0x0000000740000000, 0x0000000743c00000, 0x0000000795580000)
  object space 61440K, 95% used [0x0000000740000000,0x0000000743985210,0x0000000743c00000)
 Metaspace       used 21866K, capacity 22105K, committed 22448K, reserved 1069056K
  class space    used 2093K, capacity 2179K, committed 2304K, reserved 1048576K
}
Event: 244.610 GC heap before
{Heap before GC invocations=113 (full 1):
 PSYoungGen      total 27136K, used 23136K [0x0000000795580000, 0x0000000797980000, 0x00000007c0000000)
  eden space 17408K, 100% used [0x0000000795580000,0x0000000796680000,0x0000000796680000)
  from space 9728K, 58% used [0x0000000796680000,0x0000000796c18150,0x0000000797000000)
  to   space 9728K, 0% used [0x0000000797000000,0x0000000797000000,0x0000000797980000)
 ParOldGen       total 61440K, used 58900K [0x0000000740000000, 0x0000000743c00000, 0x0000000795580000)
  object space 61440K, 95% used [0x0000000740000000,0x0000000743985210,0x0000000743c00000)
 Metaspace       used 21866K, capacity 22105K, committed 22448K, reserved 1069056K
  class space    used 2093K, capacity 2179K, committed 2304K, reserved 1048576K
Event: 244.612 GC heap after
Heap after GC invocations=113 (full 1):
 PSYoungGen      total 27136K, used 5664K [0x0000000795580000, 0x0000000797980000, 0x00000007c0000000)
  eden space 17408K, 0% used [0x0000000795580000,0x0000000795580000,0x0000000796680000)
  from space 9728K, 58% used [0x0000000797000000,0x0000000797588150,0x0000000797980000)
  to   space 9728K, 0% used [0x0000000796680000,0x0000000796680000,0x0000000797000000)
 ParOldGen       total 61440K, used 58908K [0x0000000740000000, 0x0000000743c00000, 0x0000000795580000)
  object space 61440K, 95% used [0x0000000740000000,0x0000000743987210,0x0000000743c00000)
 Metaspace       used 21866K, capacity 22105K, committed 22448K, reserved 1069056K
  class space    used 2093K, capacity 2179K, committed 2304K, reserved 1048576K
}

