# JRE version: Java(TM) SE Runtime Environment (8.0_60-b27) (build 1.8.0_60-b27)
# Java VM: Java HotSpot(TM) 64-Bit Server VM (25.60-b23 mixed mode bsd-amd64 compressed oops)
Heap:
 PSYoungGen      total 24576K, used 7231K [0x0000000795580000, 0x0000000796e80000, 0x00000007c0000000)
  eden space 24064K, 29% used [0x0000000795580000,0x0000000795c57d18,0x0000000796d00000)
  from space 512K, 43% used [0x0000000796e00000,0x0000000796e38000,0x0000000796e80000)
  to   space 512K, 0% used [0x0000000796d80000,0x0000000796d80000,0x0000000796e00000)
 ParOldGen       total 59904K, used 18441K [0x0000000740000000, 0x0000000743a80000, 0x0000000795580000)
  object space 59904K, 30% used [0x0000000740000000,0x00000007412024b0,0x0000000743a80000)
 Metaspace       used 21624K, capacity 21853K, committed 22192K, reserved 1069056K
  class space    used 2102K, capacity 2179K, committed 2304K, reserved 1048576K
GC Heap History (10 events):
Event: 195.829 GC heap before
{Heap before GC invocations=67 (full 1):
 PSYoungGen      total 25088K, used 24256K [0x0000000795580000, 0x0000000796f00000, 0x00000007c0000000)
  eden space 24064K, 100% used [0x0000000795580000,0x0000000796d00000,0x0000000796d00000)
  from space 1024K, 18% used [0x0000000796d00000,0x0000000796d30000,0x0000000796e00000)
  to   space 1024K, 0% used [0x0000000796e00000,0x0000000796e00000,0x0000000796f00000)
 ParOldGen       total 59904K, used 18441K [0x0000000740000000, 0x0000000743a80000, 0x0000000795580000)
  object space 59904K, 30% used [0x0000000740000000,0x00000007412024b0,0x0000000743a80000)
 Metaspace       used 21588K, capacity 21789K, committed 22192K, reserved 1069056K
  class space    used 2094K, capacity 2179K, committed 2304K, reserved 1048576K
Event: 195.831 GC heap after
Heap after GC invocations=67 (full 1):
 PSYoungGen      total 25088K, used 224K [0x0000000795580000, 0x0000000796f00000, 0x00000007c0000000)
  eden space 24064K, 0% used [0x0000000795580000,0x0000000795580000,0x0000000796d00000)
  from space 1024K, 21% used [0x0000000796e00000,0x0000000796e38000,0x0000000796f00000)
  to   space 1024K, 0% used [0x0000000796d00000,0x0000000796d00000,0x0000000796e00000)
 ParOldGen       total 59904K, used 18441K [0x0000000740000000, 0x0000000743a80000, 0x0000000795580000)
  object space 59904K, 30% used [0x0000000740000000,0x00000007412024b0,0x0000000743a80000)
 Metaspace       used 21588K, capacity 21789K, committed 22192K, reserved 1069056K
  class space    used 2094K, capacity 2179K, committed 2304K, reserved 1048576K
}
Event: 198.701 GC heap before
{Heap before GC invocations=68 (full 1):
 PSYoungGen      total 25088K, used 24288K [0x0000000795580000, 0x0000000796f00000, 0x00000007c0000000)
  eden space 24064K, 100% used [0x0000000795580000,0x0000000796d00000,0x0000000796d00000)
  from space 1024K, 21% used [0x0000000796e00000,0x0000000796e38000,0x0000000796f00000)
  to   space 1024K, 0% used [0x0000000796d00000,0x0000000796d00000,0x0000000796e00000)
 ParOldGen       total 59904K, used 18441K [0x0000000740000000, 0x0000000743a80000, 0x0000000795580000)
  object space 59904K, 30% used [0x0000000740000000,0x00000007412024b0,0x0000000743a80000)
 Metaspace       used 21588K, capacity 21789K, committed 22192K, reserved 1069056K
  class space    used 2094K, capacity 2179K, committed 2304K, reserved 1048576K
Event: 198.703 GC heap after
Heap after GC invocations=68 (full 1):
 PSYoungGen      total 25088K, used 224K [0x0000000795580000, 0x0000000796e80000, 0x00000007c0000000)
  eden space 24064K, 0% used [0x0000000795580000,0x0000000795580000,0x0000000796d00000)
  from space 1024K, 21% used [0x0000000796d00000,0x0000000796d38000,0x0000000796e00000)
  to   space 512K, 0% used [0x0000000796e00000,0x0000000796e00000,0x0000000796e80000)
 ParOldGen       total 59904K, used 18441K [0x0000000740000000, 0x0000000743a80000, 0x0000000795580000)
  object space 59904K, 30% used [0x0000000740000000,0x00000007412024b0,0x0000000743a80000)
 Metaspace       used 21588K, capacity 21789K, committed 22192K, reserved 1069056K
  class space    used 2094K, capacity 2179K, committed 2304K, reserved 1048576K
}
Event: 201.572 GC heap before
{Heap before GC invocations=69 (full 1):
 PSYoungGen      total 25088K, used 24288K [0x0000000795580000, 0x0000000796e80000, 0x00000007c0000000)
  eden space 24064K, 100% used [0x0000000795580000,0x0000000796d00000,0x0000000796d00000)
  from space 1024K, 21% used [0x0000000796d00000,0x0000000796d38000,0x0000000796e00000)
  to   space 512K, 0% used [0x0000000796e00000,0x0000000796e00000,0x0000000796e80000)
 ParOldGen       total 59904K, used 18441K [0x0000000740000000, 0x0000000743a80000, 0x0000000795580000)
  object space 59904K, 30% used [0x0000000740000000,0x00000007412024b0,0x0000000743a80000)
 Metaspace       used 21588K, capacity 21789K, committed 22192K, reserved 1069056K
  class space    used 2094K, capacity 2179K, committed 2304K, reserved 1048576K
Event: 201.574 GC heap after
Heap after GC invocations=69 (full 1):
 PSYoungGen      total 24576K, used 224K [0x0000000795580000, 0x0000000796e80000, 0x00000007c0000000)
  eden space 24064K, 0% used [0x0000000795580000,0x0000000795580000,0x0000000796d00000)
  from space 512K, 43% used [0x0000000796e00000,0x0000000796e38000,0x0000000796e80000)
  to   space 512K, 0% used [0x0000000796d80000,0x0000000796d80000,0x0000000796e00000)
 ParOldGen       total 59904K, used 18441K [0x0000000740000000, 0x0000000743a80000, 0x0000000795580000)
  object space 59904K, 30% used [0x0000000740000000,0x00000007412024b0,0x0000000743a80000)
 Metaspace       used 21588K, capacity 21789K, committed 22192K, reserved 1069056K
  class space    used 2094K, capacity 2179K, committed 2304K, reserved 1048576K
}
Event: 204.378 GC heap before
{Heap before GC invocations=70 (full 1):
 PSYoungGen      total 24576K, used 24288K [0x0000000795580000, 0x0000000796e80000, 0x00000007c0000000)
  eden space 24064K, 100% used [0x0000000795580000,0x0000000796d00000,0x0000000796d00000)
  from space 512K, 43% used [0x0000000796e00000,0x0000000796e38000,0x0000000796e80000)
  to   space 512K, 0% used [0x0000000796d80000,0x0000000796d80000,0x0000000796e00000)
 ParOldGen       total 59904K, used 18441K [0x0000000740000000, 0x0000000743a80000, 0x0000000795580000)
  object space 59904K, 30% used [0x0000000740000000,0x00000007412024b0,0x0000000743a80000)
 Metaspace       used 21589K, capacity 21789K, committed 22192K, reserved 1069056K
  class space    used 2094K, capacity 2179K, committed 2304K, reserved 1048576K
Event: 204.380 GC heap after
Heap after GC invocations=70 (full 1):
 PSYoungGen      total 24576K, used 256K [0x0000000795580000, 0x0000000796e80000, 0x00000007c0000000)
  eden space 24064K, 0% used [0x0000000795580000,0x0000000795580000,0x0000000796d00000)
  from space 512K, 50% used [0x0000000796d80000,0x0000000796dc0000,0x0000000796e00000)
  to   space 512K, 0% used [0x0000000796e00000,0x0000000796e00000,0x0000000796e80000)
 ParOldGen       total 59904K, used 18441K [0x0000000740000000, 0x0000000743a80000, 0x0000000795580000)
  object space 59904K, 30% used [0x0000000740000000,0x00000007412024b0,0x0000000743a80000)
 Metaspace       used 21589K, capacity 21789K, committed 22192K, reserved 1069056K
  class space    used 2094K, capacity 2179K, committed 2304K, reserved 1048576K
}
Event: 207.249 GC heap before
{Heap before GC invocations=71 (full 1):
 PSYoungGen      total 24576K, used 24320K [0x0000000795580000, 0x0000000796e80000, 0x00000007c0000000)
  eden space 24064K, 100% used [0x0000000795580000,0x0000000796d00000,0x0000000796d00000)
  from space 512K, 50% used [0x0000000796d80000,0x0000000796dc0000,0x0000000796e00000)
  to   space 512K, 0% used [0x0000000796e00000,0x0000000796e00000,0x0000000796e80000)
 ParOldGen       total 59904K, used 18441K [0x0000000740000000, 0x0000000743a80000, 0x0000000795580000)
  object space 59904K, 30% used [0x0000000740000000,0x00000007412024b0,0x0000000743a80000)
 Metaspace       used 21589K, capacity 21789K, committed 22192K, reserved 1069056K
  class space    used 2094K, capacity 2179K, committed 2304K, reserved 1048576K
Event: 207.251 GC heap after
Heap after GC invocations=71 (full 1):
 PSYoungGen      total 24576K, used 224K [0x0000000795580000, 0x0000000796e80000, 0x00000007c0000000)
  eden space 24064K, 0% used [0x0000000795580000,0x0000000795580000,0x0000000796d00000)
  from space 512K, 43% used [0x0000000796e00000,0x0000000796e38000,0x0000000796e80000)
  to   space 512K, 0% used [0x0000000796d80000,0x0000000796d80000,0x0000000796e00000)
 ParOldGen       total 59904K, used 18441K [0x0000000740000000, 0x0000000743a80000, 0x0000000795580000)
  object space 59904K, 30% used [0x0000000740000000,0x00000007412024b0,0x0000000743a80000)
 Metaspace       used 21589K, capacity 21789K, committed 22192K, reserved 1069056K
  class space    used 2094K, capacity 2179K, committed 2304K, reserved 1048576K
}

